<?xml version="1.0" encoding="UTF-8"?>
<testsuite name="basiclibrary.LibraryTest" tests="1" skipped="0" failures="0" errors="0" timestamp="2021-10-11T18:24:58" hostname="LTUCSTUDENT-L129" time="0.056">
  <properties/>
  <testcase name="someLibraryMethodReturnsTrue()" classname="basiclibrary.LibraryTest" time="0.056"/>
  <system-out><![CDATA[]]></system-out>
  <system-err><![CDATA[]]></system-err>
</testsuite>
